Using pre-set license

 COMMAND LINE ARGUMENTS:
/Applications/Unity/Hub/Editor/2020.3.6f1/Unity.app/Contents/MacOS/Unity
-adb2
-batchMode
-noUpm
-name
AssetImportWorker0
-projectPath
/Users/Main/Documents/CodingMindsUnity/Unity 2 Module 4 Template
-logFile
Logs/AssetImportWorker0.log
-srvPort
59682
Successfully changed project path to: /Users/Main/Documents/CodingMindsUnity/Unity 2 Module 4 Template
/Users/Main/Documents/CodingMindsUnity/Unity 2 Module 4 Template
Using Asset Import Pipeline V2.
Refreshing native plugins compatible for Editor in 45.87 ms, found 2 plugins.
Preloading 0 native plugins for Editor in 0.00 ms.
Initialize engine version: 2020.3.6f1 (338bb68529b2)
[Subsystems] Discovering subsystems at path /Applications/Unity/Hub/Editor/2020.3.6f1/Unity.app/Contents/Resources/UnitySubsystems
[Subsystems] Discovering subsystems at path /Users/Main/Documents/CodingMindsUnity/Unity 2 Module 4 Template/Assets
GfxDevice: creating device client; threaded=0
2021-05-25 20:29:43.667 Unity[29288:1992898] Color LCD preferred device: Intel Iris Pro Graphics (low power)
2021-05-25 20:29:43.667 Unity[29288:1992898] Metal devices available: 2
2021-05-25 20:29:43.667 Unity[29288:1992898] 0: AMD Radeon R9 M370X (high power)
2021-05-25 20:29:43.667 Unity[29288:1992898] 1: Intel Iris Pro Graphics (low power)
2021-05-25 20:29:43.668 Unity[29288:1992898] Using device AMD Radeon R9 M370X (high power)
Initializing Metal device caps: AMD Radeon R9 M370X
Initialize mono
Mono path[0] = '/Applications/Unity/Hub/Editor/2020.3.6f1/Unity.app/Contents/Managed'
Mono path[1] = '/Applications/Unity/Hub/Editor/2020.3.6f1/Unity.app/Contents/MonoBleedingEdge/lib/mono/unityjit'
Mono config path = '/Applications/Unity/Hub/Editor/2020.3.6f1/Unity.app/Contents/MonoBleedingEdge/etc'
Using monoOptions --debugger-agent=transport=dt_socket,embedding=1,server=y,suspend=n,address=127.0.0.1:56288
Begin MonoManager ReloadAssembly
Registering precompiled unity dll's ...
Register platform support module: /Applications/Unity/Hub/Editor/2020.3.6f1/Unity.app/Contents/PlaybackEngines/MacStandaloneSupport/UnityEditor.OSXStandalone.Extensions.dll
Registered in 0.003155 seconds.
Native extension for OSXStandalone target not found
Refreshing native plugins compatible for Editor in 64.25 ms, found 2 plugins.
Preloading 0 native plugins for Editor in 0.00 ms.
Mono: successfully reloaded assembly
- Completed reload, in  1.738 seconds
Platform modules already initialized, skipping
Registering precompiled user dll's ...
Registered in 0.001314 seconds.
Begin MonoManager ReloadAssembly
Native extension for OSXStandalone target not found
Refreshing native plugins compatible for Editor in 42.19 ms, found 2 plugins.
Preloading 0 native plugins for Editor in 0.00 ms.
Mono: successfully reloaded assembly
- Completed reload, in  1.247 seconds
Platform modules already initialized, skipping
========================================================================
Worker process is ready to serve import requests
Launching external process: /Applications/Unity/Hub/Editor/2020.3.6f1/Unity.app/Contents/Tools/UnityShaderCompiler
Launched and connected shader compiler UnityShaderCompiler after 0.02 seconds
Refreshing native plugins compatible for Editor in 0.64 ms, found 2 plugins.
Preloading 0 native plugins for Editor in 0.00 ms.
Unloading 1830 Unused Serialized files (Serialized files now loaded: 0)
System memory in use before: 144.4 MB.
System memory in use after: 144.4 MB.

Unloading 24 unused Assets to reduce memory usage. Loaded Objects now: 2275.
Total: 3.990210 ms (FindLiveObjects: 0.348244 ms CreateObjectMapping: 0.128874 ms MarkObjects: 3.290877 ms  DeleteObjects: 0.220485 ms)

========================================================================
Received Import Request.
  path: Assets/Scripts/EdgeRespawner.cs
  artifactKey: Guid(2f53520b744fe46c6aee140bc4456a29) Importer(815301076,1909f56bfc062723c751e8b465ee728b)
Start importing Assets/Scripts/EdgeRespawner.cs using Guid(2f53520b744fe46c6aee140bc4456a29) Importer(815301076,1909f56bfc062723c751e8b465ee728b)  -> (artifact id: 'c0271a366fe069cfc92641db043fc418') in 0.362473 seconds
  Import took 0.367299 seconds .

========================================================================
Received Import Request.
  Time since last request: 0.000262 seconds.
  path: Assets/Scripts/SimplePaddle.cs
  artifactKey: Guid(805c7c56dd5f74ce7a9d8fe911f97a40) Importer(815301076,1909f56bfc062723c751e8b465ee728b)
Start importing Assets/Scripts/SimplePaddle.cs using Guid(805c7c56dd5f74ce7a9d8fe911f97a40) Importer(815301076,1909f56bfc062723c751e8b465ee728b)  -> (artifact id: 'b3636f73e16366b504f49e32edae778b') in 0.002262 seconds
  Import took 0.005463 seconds .

